<?xml version="1.0" encoding="UTF-8"?>
<!-- Generated by org.testng.reporters.JUnitReportReporter -->
<testsuite hostname="sAtishR" failures="0" tests="1" name="com.orangeHRM.TestCase.TC_Logout_001" time="24.079" errors="0" timestamp="2023-04-04T21:46:00 IST" skipped="0">
  <testcase classname="com.orangeHRM.TestCase.TC_Logout_001" name="HomePage" time="24.079"/>
  <system-out/>
</testsuite> <!-- com.orangeHRM.TestCase.TC_Logout_001 -->
