<?xml version="1.0" encoding="UTF-8"?>
<!-- Generated by org.testng.reporters.JUnitReportReporter -->
<testsuite hostname="sAtishR" failures="0" tests="1" name="com.orangeHRM.TestCase.TC_HomePage_01" time="48.065" errors="0" timestamp="2023-04-02T17:49:28 IST" skipped="0">
  <testcase classname="com.orangeHRM.TestCase.TC_HomePage_01" name="HomePage" time="48.065"/>
  <system-out/>
</testsuite> <!-- com.orangeHRM.TestCase.TC_HomePage_01 -->
