<?xml version="1.0" encoding="UTF-8"?>
<!-- Generated by org.testng.reporters.JUnitReportReporter -->
<testsuite hostname="sAtishR" failures="0" tests="1" name="com.orangeHRM.TestCase.TC_login_002" time="21.041" errors="0" timestamp="2023-04-01T15:54:08 IST" skipped="0">
  <testcase classname="com.orangeHRM.TestCase.TC_login_002" name="LoginTest" time="21.041"/>
  <system-out/>
</testsuite> <!-- com.orangeHRM.TestCase.TC_login_002 -->
