<?xml version="1.0" encoding="UTF-8"?>
<!-- Generated by org.testng.reporters.JUnitReportReporter -->
<testsuite hostname="sAtishR" failures="0" tests="1" name="com.orangeHRM.TestCase.TC_HomePage_01" time="19.959" errors="0" timestamp="2023-04-04T21:45:04 IST" skipped="0">
  <testcase classname="com.orangeHRM.TestCase.TC_HomePage_01" name="HomePage" time="19.959"/>
  <system-out/>
</testsuite> <!-- com.orangeHRM.TestCase.TC_HomePage_01 -->
